<?xml version="1.0" encoding="UTF-8"?>
<testsuite xmlns:xsi="http://www.w3.org/2001/XMLSchema-instance" xsi:noNamespaceSchemaLocation="https://maven.apache.org/surefire/maven-surefire-plugin/xsd/surefire-test-report-3.0.xsd" version="3.0" name="TestSuite" time="15.499" tests="7" errors="0" skipped="0" failures="0">
  <properties>
    <property name="java.specification.version" value="23"/>
    <property name="sun.jnu.encoding" value="UTF-8"/>
    <property name="java.class.path" value="/Users/siddharthaupadhyay/PlaywrightSidpng-workspace/com.pwj.saucedemo/target/test-classes:/Users/siddharthaupadhyay/PlaywrightSidpng-workspace/com.pwj.saucedemo/target/classes:/Users/siddharthaupadhyay/.m2/repository/com/microsoft/playwright/playwright/1.51.0/playwright-1.51.0.jar:/Users/siddharthaupadhyay/.m2/repository/com/google/code/gson/gson/2.12.1/gson-2.12.1.jar:/Users/siddharthaupadhyay/.m2/repository/com/google/errorprone/error_prone_annotations/2.36.0/error_prone_annotations-2.36.0.jar:/Users/siddharthaupadhyay/.m2/repository/org/opentest4j/opentest4j/1.3.0/opentest4j-1.3.0.jar:/Users/siddharthaupadhyay/.m2/repository/com/microsoft/playwright/driver/1.51.0/driver-1.51.0.jar:/Users/siddharthaupadhyay/.m2/repository/com/microsoft/playwright/driver-bundle/1.51.0/driver-bundle-1.51.0.jar:/Users/siddharthaupadhyay/.m2/repository/org/testng/testng/7.11.0/testng-7.11.0.jar:/Users/siddharthaupadhyay/.m2/repository/org/slf4j/slf4j-api/2.0.16/slf4j-api-2.0.16.jar:/Users/siddharthaupadhyay/.m2/repository/org/jcommander/jcommander/1.83/jcommander-1.83.jar:/Users/siddharthaupadhyay/.m2/repository/org/webjars/jquery/3.7.1/jquery-3.7.1.jar:/Users/siddharthaupadhyay/.m2/repository/org/apache/logging/log4j/log4j-core/2.22.1/log4j-core-2.22.1.jar:/Users/siddharthaupadhyay/.m2/repository/org/apache/logging/log4j/log4j-api/2.22.1/log4j-api-2.22.1.jar:/Users/siddharthaupadhyay/.m2/repository/com/aventstack/extentreports/5.1.1/extentreports-5.1.1.jar:/Users/siddharthaupadhyay/.m2/repository/io/reactivex/rxjava3/rxjava/3.1.6/rxjava-3.1.6.jar:/Users/siddharthaupadhyay/.m2/repository/org/reactivestreams/reactive-streams/1.0.4/reactive-streams-1.0.4.jar:/Users/siddharthaupadhyay/.m2/repository/org/freemarker/freemarker/2.3.32/freemarker-2.3.32.jar:/Users/siddharthaupadhyay/.m2/repository/org/projectlombok/lombok/1.18.26/lombok-1.18.26.jar:"/>
    <property name="java.vm.vendor" value="Eclipse Adoptium"/>
    <property name="sun.arch.data.model" value="64"/>
    <property name="java.vendor.url" value="https://adoptium.net/"/>
    <property name="user.timezone" value="Asia/Kolkata"/>
    <property name="os.name" value="Mac OS X"/>
    <property name="java.vm.specification.version" value="23"/>
    <property name="sun.java.launcher" value="SUN_STANDARD"/>
    <property name="user.country" value="GB"/>
    <property name="sun.boot.library.path" value="/Users/siddharthaupadhyay/.p2/pool/plugins/org.eclipse.justj.openjdk.hotspot.jre.full.macosx.aarch64_23.0.2.v20250131-0604/jre/lib"/>
    <property name="sun.java.command" value="/Users/siddharthaupadhyay/PlaywrightSidpng-workspace/com.pwj.saucedemo/target/surefire/surefirebooter-20250506034202726_3.jar /Users/siddharthaupadhyay/PlaywrightSidpng-workspace/com.pwj.saucedemo/target/surefire 2025-05-06T03-42-02_689-jvmRun1 surefire-20250506034202726_1tmp surefire_0-20250506034202726_2tmp"/>
    <property name="http.nonProxyHosts" value="local|*.local|169.254/16|*.169.254/16"/>
    <property name="jdk.debug" value="release"/>
    <property name="surefire.test.class.path" value="/Users/siddharthaupadhyay/PlaywrightSidpng-workspace/com.pwj.saucedemo/target/test-classes:/Users/siddharthaupadhyay/PlaywrightSidpng-workspace/com.pwj.saucedemo/target/classes:/Users/siddharthaupadhyay/.m2/repository/com/microsoft/playwright/playwright/1.51.0/playwright-1.51.0.jar:/Users/siddharthaupadhyay/.m2/repository/com/google/code/gson/gson/2.12.1/gson-2.12.1.jar:/Users/siddharthaupadhyay/.m2/repository/com/google/errorprone/error_prone_annotations/2.36.0/error_prone_annotations-2.36.0.jar:/Users/siddharthaupadhyay/.m2/repository/org/opentest4j/opentest4j/1.3.0/opentest4j-1.3.0.jar:/Users/siddharthaupadhyay/.m2/repository/com/microsoft/playwright/driver/1.51.0/driver-1.51.0.jar:/Users/siddharthaupadhyay/.m2/repository/com/microsoft/playwright/driver-bundle/1.51.0/driver-bundle-1.51.0.jar:/Users/siddharthaupadhyay/.m2/repository/org/testng/testng/7.11.0/testng-7.11.0.jar:/Users/siddharthaupadhyay/.m2/repository/org/slf4j/slf4j-api/2.0.16/slf4j-api-2.0.16.jar:/Users/siddharthaupadhyay/.m2/repository/org/jcommander/jcommander/1.83/jcommander-1.83.jar:/Users/siddharthaupadhyay/.m2/repository/org/webjars/jquery/3.7.1/jquery-3.7.1.jar:/Users/siddharthaupadhyay/.m2/repository/org/apache/logging/log4j/log4j-core/2.22.1/log4j-core-2.22.1.jar:/Users/siddharthaupadhyay/.m2/repository/org/apache/logging/log4j/log4j-api/2.22.1/log4j-api-2.22.1.jar:/Users/siddharthaupadhyay/.m2/repository/com/aventstack/extentreports/5.1.1/extentreports-5.1.1.jar:/Users/siddharthaupadhyay/.m2/repository/io/reactivex/rxjava3/rxjava/3.1.6/rxjava-3.1.6.jar:/Users/siddharthaupadhyay/.m2/repository/org/reactivestreams/reactive-streams/1.0.4/reactive-streams-1.0.4.jar:/Users/siddharthaupadhyay/.m2/repository/org/freemarker/freemarker/2.3.32/freemarker-2.3.32.jar:/Users/siddharthaupadhyay/.m2/repository/org/projectlombok/lombok/1.18.26/lombok-1.18.26.jar:"/>
    <property name="sun.cpu.endian" value="little"/>
    <property name="user.home" value="/Users/siddharthaupadhyay"/>
    <property name="user.language" value="en"/>
    <property name="java.specification.vendor" value="Oracle Corporation"/>
    <property name="java.version.date" value="2025-01-21"/>
    <property name="java.home" value="/Users/siddharthaupadhyay/.p2/pool/plugins/org.eclipse.justj.openjdk.hotspot.jre.full.macosx.aarch64_23.0.2.v20250131-0604/jre"/>
    <property name="file.separator" value="/"/>
    <property name="basedir" value="/Users/siddharthaupadhyay/PlaywrightSidpng-workspace/com.pwj.saucedemo"/>
    <property name="style.color" value="always"/>
    <property name="java.vm.compressedOopsMode" value="Zero based"/>
    <property name="line.separator" value="&#10;"/>
    <property name="java.vm.specification.vendor" value="Oracle Corporation"/>
    <property name="java.specification.name" value="Java Platform API Specification"/>
    <property name="apple.awt.application.name" value="ForkedBooter"/>
    <property name="surefire.real.class.path" value="/Users/siddharthaupadhyay/PlaywrightSidpng-workspace/com.pwj.saucedemo/target/surefire/surefirebooter-20250506034202726_3.jar"/>
    <property name="sun.management.compiler" value="HotSpot 64-Bit Tiered Compilers"/>
    <property name="ftp.nonProxyHosts" value="local|*.local|169.254/16|*.169.254/16"/>
    <property name="java.runtime.version" value="23.0.2+7"/>
    <property name="user.name" value="siddharthaupadhyay"/>
    <property name="stdout.encoding" value="UTF-8"/>
    <property name="path.separator" value=":"/>
    <property name="os.version" value="15.4.1"/>
    <property name="java.runtime.name" value="OpenJDK Runtime Environment"/>
    <property name="file.encoding" value="UTF-8"/>
    <property name="java.vm.name" value="OpenJDK 64-Bit Server VM"/>
    <property name="java.vendor.version" value="Temurin-23.0.2+7"/>
    <property name="localRepository" value="/Users/siddharthaupadhyay/.m2/repository"/>
    <property name="java.vendor.url.bug" value="https://github.com/adoptium/adoptium-support/issues"/>
    <property name="java.io.tmpdir" value="/var/folders/r5/m0v18bws6nq20j1xkhvy8yh80000gn/T/"/>
    <property name="java.version" value="23.0.2"/>
    <property name="user.dir" value="/Users/siddharthaupadhyay/PlaywrightSidpng-workspace/com.pwj.saucedemo"/>
    <property name="os.arch" value="aarch64"/>
    <property name="java.vm.specification.name" value="Java Virtual Machine Specification"/>
    <property name="native.encoding" value="UTF-8"/>
    <property name="java.library.path" value="/Users/siddharthaupadhyay/Library/Java/Extensions:/Library/Java/Extensions:/Network/Library/Java/Extensions:/System/Library/Java/Extensions:/usr/lib/java:."/>
    <property name="java.vm.info" value="mixed mode, sharing"/>
    <property name="stderr.encoding" value="UTF-8"/>
    <property name="java.vendor" value="Eclipse Adoptium"/>
    <property name="java.vm.version" value="23.0.2+7"/>
    <property name="sun.io.unicode.encoding" value="UnicodeBig"/>
    <property name="socksNonProxyHosts" value="local|*.local|169.254/16|*.169.254/16"/>
    <property name="java.class.version" value="67.0"/>
  </properties>
  <testcase name="testVisualUserOrderFlow" classname="com.pwj.saucedemo.tests.Orderplaced_tests.VisualUserOrderTest" time="0.46">
    <system-out><![CDATA[03:42:03 [main] INFO  com.pwj.saucedemo.tests.Orderplaced_tests.VisualUserOrderTest - === Starting Test: VisualUserOrderTest ===
03:42:06 [main] INFO  com.pwj.saucedemo.tests.Orderplaced_tests.VisualUserOrderTest - Navigated to SauceDemo homepage.
03:42:06 [main] INFO  com.pwj.saucedemo.tests.Orderplaced_tests.VisualUserOrderTest - Starting regression test for visual_user
03:42:07 [main] INFO  com.pwj.saucedemo.tests.Orderplaced_tests.VisualUserOrderTest - Screenshot saved at: test-output/screenshots/visual_user_order_confirmation.png
]]></system-out>
    <system-err><![CDATA[SLF4J(W): No SLF4J providers were found.
SLF4J(W): Defaulting to no-operation (NOP) logger implementation
SLF4J(W): See https://www.slf4j.org/codes.html#noProviders for further details.
]]></system-err>
  </testcase>
  <testcase name="testStandardUserOrderFlow" classname="com.pwj.saucedemo.tests.Orderplaced_tests.StandardUserOrderTest" time="0.429">
    <system-out><![CDATA[Screenshot saved: test-output/screenshots/testVisualUserOrderFlow_PASSED_20250506_034207.png
03:42:07 [main] INFO  com.pwj.saucedemo.tests.Orderplaced_tests.VisualUserOrderTest - Closing browser and Playwright context...
03:42:07 [main] INFO  com.pwj.saucedemo.tests.Orderplaced_tests.VisualUserOrderTest - === Finished Test: VisualUserOrderTest ===

03:42:07 [main] INFO  com.pwj.saucedemo.tests.Orderplaced_tests.StandardUserOrderTest - === Starting Test: StandardUserOrderTest ===
03:42:08 [main] INFO  com.pwj.saucedemo.tests.Orderplaced_tests.StandardUserOrderTest - Navigated to SauceDemo homepage.
03:42:08 [main] INFO  com.pwj.saucedemo.tests.Orderplaced_tests.StandardUserOrderTest - Starting regression test for standard_user
03:42:09 [main] INFO  com.pwj.saucedemo.tests.Orderplaced_tests.StandardUserOrderTest - Screenshot saved at: test-output/screenshots/standard_user_order_confirmation.png
]]></system-out>
  </testcase>
  <testcase name="testCancelFromOverviewStep" classname="com.pwj.saucedemo.Regressiontests.CheckoutFlowTest" time="0.347">
    <system-out><![CDATA[Screenshot saved: test-output/screenshots/testStandardUserOrderFlow_PASSED_20250506_034209.png
03:42:09 [main] INFO  com.pwj.saucedemo.tests.Orderplaced_tests.StandardUserOrderTest - Closing browser and Playwright context...
03:42:09 [main] INFO  com.pwj.saucedemo.tests.Orderplaced_tests.StandardUserOrderTest - === Finished Test: StandardUserOrderTest ===

03:42:09 [main] INFO  com.pwj.saucedemo.Regressiontests.CheckoutFlowTest - === Starting Test: CheckoutFlowTest ===
03:42:10 [main] INFO  com.pwj.saucedemo.Regressiontests.CheckoutFlowTest - Navigated to SauceDemo homepage.
]]></system-out>
  </testcase>
  <testcase name="testCancelFromStepOne" classname="com.pwj.saucedemo.Regressiontests.CheckoutFlowTest" time="0.267">
    <system-out><![CDATA[Screenshot saved: test-output/screenshots/testCancelFromOverviewStep_PASSED_20250506_034211.png
03:42:11 [main] INFO  com.pwj.saucedemo.Regressiontests.CheckoutFlowTest - Closing browser and Playwright context...
03:42:11 [main] INFO  com.pwj.saucedemo.Regressiontests.CheckoutFlowTest - === Finished Test: CheckoutFlowTest ===

03:42:11 [main] INFO  com.pwj.saucedemo.Regressiontests.CheckoutFlowTest - === Starting Test: CheckoutFlowTest ===
03:42:12 [main] INFO  com.pwj.saucedemo.Regressiontests.CheckoutFlowTest - Navigated to SauceDemo homepage.
]]></system-out>
  </testcase>
  <testcase name="testFullCheckoutFlow" classname="com.pwj.saucedemo.Regressiontests.CheckoutFlowTest" time="0.404">
    <system-out><![CDATA[Screenshot saved: test-output/screenshots/testCancelFromStepOne_PASSED_20250506_034213.png
03:42:13 [main] INFO  com.pwj.saucedemo.Regressiontests.CheckoutFlowTest - Closing browser and Playwright context...
03:42:13 [main] INFO  com.pwj.saucedemo.Regressiontests.CheckoutFlowTest - === Finished Test: CheckoutFlowTest ===

03:42:13 [main] INFO  com.pwj.saucedemo.Regressiontests.CheckoutFlowTest - === Starting Test: CheckoutFlowTest ===
03:42:14 [main] INFO  com.pwj.saucedemo.Regressiontests.CheckoutFlowTest - Navigated to SauceDemo homepage.
]]></system-out>
  </testcase>
  <testcase name="testAddFirstProductToCart" classname="com.pwj.saucedemo.Regressiontests.AddToCartTest" time="0.157">
    <system-out><![CDATA[Screenshot saved: test-output/screenshots/testFullCheckoutFlow_PASSED_20250506_034214.png
03:42:14 [main] INFO  com.pwj.saucedemo.Regressiontests.CheckoutFlowTest - Closing browser and Playwright context...
03:42:15 [main] INFO  com.pwj.saucedemo.Regressiontests.CheckoutFlowTest - === Finished Test: CheckoutFlowTest ===

03:42:15 [main] INFO  com.pwj.saucedemo.Regressiontests.AddToCartTest - === Starting Test: AddToCartTest ===
03:42:16 [main] INFO  com.pwj.saucedemo.Regressiontests.AddToCartTest - Navigated to SauceDemo homepage.
03:42:16 [main] INFO  com.pwj.saucedemo.Regressiontests.AddToCartTest - Logging into SauceDemo website with standard user credentials
03:42:16 [main] INFO  com.pwj.saucedemo.Regressiontests.AddToCartTest - Added product to cart
03:42:16 [main] INFO  com.pwj.saucedemo.Regressiontests.AddToCartTest - Navigating to cart
03:42:16 [main] INFO  com.pwj.saucedemo.Regressiontests.AddToCartTest - Checking if one item has been added to the cart.
]]></system-out>
  </testcase>
  <testcase name="testInvalidLoginShowsErrorMessage" classname="com.pwj.saucedemo.Regressiontests.SauceDemoInvalidLoginTest" time="0.078">
    <system-out><![CDATA[Screenshot saved: test-output/screenshots/testAddFirstProductToCart_PASSED_20250506_034216.png
03:42:16 [main] INFO  com.pwj.saucedemo.Regressiontests.AddToCartTest - Closing browser and Playwright context...
03:42:16 [main] INFO  com.pwj.saucedemo.Regressiontests.AddToCartTest - === Finished Test: AddToCartTest ===

03:42:16 [main] INFO  com.pwj.saucedemo.Regressiontests.SauceDemoInvalidLoginTest - === Starting Test: SauceDemoInvalidLoginTest ===
03:42:18 [main] INFO  com.pwj.saucedemo.Regressiontests.SauceDemoInvalidLoginTest - Navigated to SauceDemo homepage.
]]></system-out>
  </testcase>
</testsuite>