<?xml version="1.0" encoding="UTF-8"?>
<!-- Generated by org.testng.reporters.JUnitReportReporter -->
<testsuite hostname="Siddharthas-MacBook-Air.local" failures="0" tests="1" name="com.pwj.saucedemo.tests.Orderplaced_tests.VisualUserOrderTest" time="2.157" errors="0" timestamp="2025-05-12T23:35:17 IST" skipped="0">
  <testcase classname="com.pwj.saucedemo.tests.Orderplaced_tests.VisualUserOrderTest" name="testVisualUserOrderFlow" time="2.157"/>
</testsuite> <!-- com.pwj.saucedemo.tests.Orderplaced_tests.VisualUserOrderTest -->
