<?xml version="1.0" encoding="UTF-8"?>
<!-- Generated by org.testng.reporters.JUnitReportReporter -->
<testsuite hostname="Siddharthas-MacBook-Air.local" failures="0" tests="2" name="com.pwj.saucedemo.tests.CheckoutTest" time="3.601" errors="0" timestamp="2025-05-02T02:37:51 IST" skipped="0">
  <testcase classname="com.pwj.saucedemo.tests.CheckoutTest" name="testCancelCheckoutFlow" time="1.784"/>
  <testcase classname="com.pwj.saucedemo.tests.CheckoutTest" name="testValidCheckoutFlow" time="1.817"/>
</testsuite> <!-- com.pwj.saucedemo.tests.CheckoutTest -->
