<?xml version="1.0" encoding="UTF-8"?>
<!-- Generated by org.testng.reporters.JUnitReportReporter -->
<testsuite hostname="Siddharthas-MacBook-Air.local" failures="0" tests="1" name="com.pwj.saucedemo.Regressiontests.AddToCartTest" time="1.543" errors="0" timestamp="2025-05-12T23:35:17 IST" skipped="0">
  <testcase classname="com.pwj.saucedemo.Regressiontests.AddToCartTest" name="testAddFirstProductToCart" time="1.543"/>
</testsuite> <!-- com.pwj.saucedemo.Regressiontests.AddToCartTest -->
