<?xml version="1.0" encoding="UTF-8"?>
<!-- Generated by org.testng.reporters.JUnitReportReporter -->
<testsuite hostname="Siddharthas-MacBook-Air.local" failures="0" tests="3" name="com.pwj.saucedemo.Regressiontests.CheckoutFlowTest" time="6.410" errors="0" timestamp="2025-05-07T02:01:57 IST" skipped="0">
  <testcase classname="com.pwj.saucedemo.Regressiontests.CheckoutFlowTest" name="testFullCheckoutFlow" time="1.981"/>
  <testcase classname="com.pwj.saucedemo.Regressiontests.CheckoutFlowTest" name="testCancelFromStepOne" time="2.151"/>
  <testcase classname="com.pwj.saucedemo.Regressiontests.CheckoutFlowTest" name="testCancelFromOverviewStep" time="2.278"/>
</testsuite> <!-- com.pwj.saucedemo.Regressiontests.CheckoutFlowTest -->
