<?xml version="1.0" encoding="UTF-8"?>
<!-- Generated by org.testng.reporters.JUnitReportReporter -->
<testsuite hostname="Siddharthas-MacBook-Air.local" failures="0" tests="1" name="com.pwj.saucedemo.tests.SauceDemoStandardUserLogin" time="6.355" errors="0" timestamp="2025-05-01T21:45:35 IST" skipped="0">
  <testcase classname="com.pwj.saucedemo.tests.SauceDemoStandardUserLogin" name="testStandardUserLogin" time="6.355"/>
</testsuite> <!-- com.pwj.saucedemo.tests.SauceDemoStandardUserLogin -->
