<?xml version="1.0" encoding="UTF-8"?>
<!-- Generated by org.testng.reporters.JUnitReportReporter -->
<testsuite hostname="Siddharthas-MacBook-Air.local" failures="0" tests="5" name="com.pwj.saucedemo.Regressiontests.LoginScenariosDifferentUsers" time="12.809" errors="0" timestamp="2025-08-13T01:50:04 IST" skipped="0">
  <testcase classname="com.pwj.saucedemo.Regressiontests.LoginScenariosDifferentUsers" name="testStandardUserLogin" time="1.117"/>
  <testcase classname="com.pwj.saucedemo.Regressiontests.LoginScenariosDifferentUsers" name="testProblemUserLogin" time="1.290"/>
  <testcase classname="com.pwj.saucedemo.Regressiontests.LoginScenariosDifferentUsers" name="testLockedOutUserLogin" time="1.265"/>
  <testcase classname="com.pwj.saucedemo.Regressiontests.LoginScenariosDifferentUsers" name="testPerformanceGlitchUserLogin" time="8.037"/>
  <testcase classname="com.pwj.saucedemo.Regressiontests.LoginScenariosDifferentUsers" name="testInvalidUserLogin" time="1.100"/>
</testsuite> <!-- com.pwj.saucedemo.Regressiontests.LoginScenariosDifferentUsers -->
