<?xml version="1.0" encoding="UTF-8"?>
<!-- Generated by org.testng.reporters.JUnitReportReporter -->
<testsuite hostname="Siddharthas-MacBook-Air.local" failures="0" tests="1" name="com.pwj.saucedemo.Regressiontests.SauceDemoStandardUserLogin" time="4.795" errors="0" timestamp="2025-05-12T23:35:17 IST" skipped="0">
  <testcase classname="com.pwj.saucedemo.Regressiontests.SauceDemoStandardUserLogin" name="testStandardUserLogin" time="4.795"/>
</testsuite> <!-- com.pwj.saucedemo.Regressiontests.SauceDemoStandardUserLogin -->
