<?xml version="1.0" encoding="UTF-8"?>
<!-- Generated by org.testng.reporters.JUnitReportReporter -->
<testsuite hostname="Siddharthas-MacBook-Air.local" failures="0" tests="5" name="com.pwj.saucedemo.tests.LoginScenariosDifferentUsers" time="14.479" errors="0" timestamp="2025-05-03T22:15:13 IST" skipped="0">
  <testcase classname="com.pwj.saucedemo.tests.LoginScenariosDifferentUsers" name="testLockedOutUserLogin" time="1.633"/>
  <testcase classname="com.pwj.saucedemo.tests.LoginScenariosDifferentUsers" name="testInvalidUserLogin" time="1.607"/>
  <testcase classname="com.pwj.saucedemo.tests.LoginScenariosDifferentUsers" name="testProblemUserLogin" time="1.607"/>
  <testcase classname="com.pwj.saucedemo.tests.LoginScenariosDifferentUsers" name="testPerformanceGlitchUserLogin" time="7.967"/>
  <testcase classname="com.pwj.saucedemo.tests.LoginScenariosDifferentUsers" name="testStandardUserLogin" time="1.665"/>
</testsuite> <!-- com.pwj.saucedemo.tests.LoginScenariosDifferentUsers -->
