<?xml version="1.0" encoding="UTF-8"?>
<!-- Generated by org.testng.reporters.JUnitReportReporter -->
<testsuite hostname="Siddharthas-MacBook-Air.local" failures="0" tests="1" name="com.pwj.saucedemo.Regressiontests.AddToCartTest" time="1.318" errors="0" timestamp="2025-08-13T01:50:04 IST" skipped="0">
  <testcase classname="com.pwj.saucedemo.Regressiontests.AddToCartTest" name="testAddFirstProductToCart" time="1.318"/>
</testsuite> <!-- com.pwj.saucedemo.Regressiontests.AddToCartTest -->
