<?xml version="1.0" encoding="UTF-8"?>
<!-- Generated by org.testng.reporters.JUnitReportReporter -->
<testsuite hostname="Siddharthas-MacBook-Air.local" failures="0" tests="1" name="com.pwj.saucedemo.Regressiontests.SauceDemoStandardUserLogin" time="3.974" errors="0" timestamp="2025-05-13T22:41:33 IST" skipped="0">
  <testcase classname="com.pwj.saucedemo.Regressiontests.SauceDemoStandardUserLogin" name="testStandardUserLogin" time="3.974"/>
</testsuite> <!-- com.pwj.saucedemo.Regressiontests.SauceDemoStandardUserLogin -->
