<?xml version="1.0" encoding="UTF-8"?>
<!-- Generated by org.testng.reporters.JUnitReportReporter -->
<testsuite hostname="Siddharthas-MacBook-Air.local" failures="0" tests="1" name="com.pwj.saucedemo.tests.AddToCartTest" time="1.719" errors="0" timestamp="2025-05-03T22:15:13 IST" skipped="0">
  <testcase classname="com.pwj.saucedemo.tests.AddToCartTest" name="testAddFirstProductToCart" time="1.719"/>
</testsuite> <!-- com.pwj.saucedemo.tests.AddToCartTest -->
