<?xml version="1.0" encoding="UTF-8"?>
<!-- Generated by org.testng.reporters.JUnitReportReporter -->
<testsuite hostname="Siddharthas-MacBook-Air.local" failures="0" tests="3" name="com.pwj.saucedemo.Regressiontests.CheckoutFlowTest" time="3.841" errors="0" timestamp="2025-08-13T01:41:20 IST" skipped="0">
  <testcase classname="com.pwj.saucedemo.Regressiontests.CheckoutFlowTest" name="testFullCheckoutFlow" time="1.240"/>
  <testcase classname="com.pwj.saucedemo.Regressiontests.CheckoutFlowTest" name="testCancelFromOverviewStep" time="1.218"/>
  <testcase classname="com.pwj.saucedemo.Regressiontests.CheckoutFlowTest" name="testCancelFromStepOne" time="1.383"/>
</testsuite> <!-- com.pwj.saucedemo.Regressiontests.CheckoutFlowTest -->
