<?xml version="1.0" encoding="UTF-8"?>
<!-- Generated by org.testng.reporters.JUnitReportReporter -->
<testsuite hostname="Siddharthas-MacBook-Air.local" failures="0" tests="1" name="com.pwj.saucedemo.tests.Orderplaced_tests.StandardUserOrderTest" time="1.928" errors="0" timestamp="2025-08-11T23:41:42 IST" skipped="0">
  <testcase classname="com.pwj.saucedemo.tests.Orderplaced_tests.StandardUserOrderTest" name="testStandardUserOrderFlow" time="1.928"/>
</testsuite> <!-- com.pwj.saucedemo.tests.Orderplaced_tests.StandardUserOrderTest -->
