<?xml version="1.0" encoding="UTF-8"?>
<!-- Generated by org.testng.reporters.JUnitReportReporter -->
<testsuite hostname="Siddharthas-MacBook-Air.local" failures="0" tests="1" name="com.pwj.saucedemo.Regressiontests.SauceDemoInvalidLoginTest" time="1.734" errors="0" timestamp="2025-08-12T01:09:44 IST" skipped="0">
  <testcase classname="com.pwj.saucedemo.Regressiontests.SauceDemoInvalidLoginTest" name="testInvalidLoginShowsErrorMessage" time="1.734"/>
</testsuite> <!-- com.pwj.saucedemo.Regressiontests.SauceDemoInvalidLoginTest -->
