<?xml version="1.0" encoding="UTF-8"?>
<!-- Generated by org.testng.reporters.JUnitReportReporter -->
<testsuite hostname="Siddharthas-MacBook-Air.local" failures="0" tests="1" name="com.pwj.saucedemo.Regressiontests.SauceDemoInvalidLoginTest" time="1.419" errors="0" timestamp="2025-08-13T01:41:20 IST" skipped="0">
  <testcase classname="com.pwj.saucedemo.Regressiontests.SauceDemoInvalidLoginTest" name="testInvalidLoginShowsErrorMessage" time="1.419"/>
</testsuite> <!-- com.pwj.saucedemo.Regressiontests.SauceDemoInvalidLoginTest -->
