<?xml version="1.0" encoding="UTF-8"?>
<!-- Generated by org.testng.reporters.JUnitReportReporter -->
<testsuite hostname="Siddharthas-MacBook-Air.local" failures="0" tests="1" name="com.pwj.saucedemo.tests.Orderplaced_tests.PerformanceGlitchUserOrderTest" time="39.570" errors="1" timestamp="2025-05-03T20:42:47 IST" skipped="0">
  <testcase classname="com.pwj.saucedemo.tests.Orderplaced_tests.PerformanceGlitchUserOrderTest" name="testPerformanceGlitchUserOrderFlow" time="39.570">
    <error message="Error {
  message=&#039;Timeout 30000ms exceeded.
  name=&#039;TimeoutError
  stack=&#039;TimeoutError: Timeout 30000ms exceeded.
    at ProgressController.run (/private/var/folders/r5/m0v18bws6nq20j1xkhvy8yh80000gn/T/playwright-java-2444622081513853222/package/lib/server/progress.js:75:26)
    at Frame.click (/private/var/folders/r5/m0v18bws6nq20j1xkhvy8yh80000gn/T/playwright-java-2444622081513853222/package/lib/server/frames.js:1022:23)
    at FrameDispatcher.click (/private/var/folders/r5/m0v18bws6nq20j1xkhvy8yh80000gn/T/playwright-java-2444622081513853222/package/lib/server/dispatchers/frameDispatcher.js:157:30)
    at FrameDispatcher._handleCommand (/private/var/folders/r5/m0v18bws6nq20j1xkhvy8yh80000gn/T/playwright-java-2444622081513853222/package/lib/server/dispatchers/dispatcher.js:96:40)
    at DispatcherConnection.dispatch (/private/var/folders/r5/m0v18bws6nq20j1xkhvy8yh80000gn/T/playwright-java-2444622081513853222/package/lib/server/dispatchers/dispatcher.js:366:39)
}
Call log:
-   - waiting for locator(&quot;#login-button&quot;)
" type="com.microsoft.playwright.TimeoutError">
      <![CDATA[com.microsoft.playwright.TimeoutError: Error {
  message='Timeout 30000ms exceeded.
  name='TimeoutError
  stack='TimeoutError: Timeout 30000ms exceeded.
    at ProgressController.run (/private/var/folders/r5/m0v18bws6nq20j1xkhvy8yh80000gn/T/playwright-java-2444622081513853222/package/lib/server/progress.js:75:26)
    at Frame.click (/private/var/folders/r5/m0v18bws6nq20j1xkhvy8yh80000gn/T/playwright-java-2444622081513853222/package/lib/server/frames.js:1022:23)
    at FrameDispatcher.click (/private/var/folders/r5/m0v18bws6nq20j1xkhvy8yh80000gn/T/playwright-java-2444622081513853222/package/lib/server/dispatchers/frameDispatcher.js:157:30)
    at FrameDispatcher._handleCommand (/private/var/folders/r5/m0v18bws6nq20j1xkhvy8yh80000gn/T/playwright-java-2444622081513853222/package/lib/server/dispatchers/dispatcher.js:96:40)
    at DispatcherConnection.dispatch (/private/var/folders/r5/m0v18bws6nq20j1xkhvy8yh80000gn/T/playwright-java-2444622081513853222/package/lib/server/dispatchers/dispatcher.js:366:39)
}
Call log:
-   - waiting for locator("#login-button")

at com.microsoft.playwright.impl.WaitableResult.get(WaitableResult.java:52)
at com.microsoft.playwright.impl.ChannelOwner.runUntil(ChannelOwner.java:132)
at com.microsoft.playwright.impl.Connection.sendMessage(Connection.java:130)
at com.microsoft.playwright.impl.ChannelOwner.sendMessage(ChannelOwner.java:118)
at com.microsoft.playwright.impl.FrameImpl.clickImpl(FrameImpl.java:252)
at com.microsoft.playwright.impl.FrameImpl.lambda$click$8(FrameImpl.java:243)
at com.microsoft.playwright.impl.LoggingSupport.lambda$withLogging$0(LoggingSupport.java:36)
at com.microsoft.playwright.impl.LoggingSupport.withLogging(LoggingSupport.java:47)
at com.microsoft.playwright.impl.ChannelOwner.withLogging(ChannelOwner.java:97)
at com.microsoft.playwright.impl.LoggingSupport.withLogging(LoggingSupport.java:35)
at com.microsoft.playwright.impl.FrameImpl.click(FrameImpl.java:243)
at com.microsoft.playwright.impl.LocatorImpl.click(LocatorImpl.java:174)
at com.microsoft.playwright.Locator.click(Locator.java:2508)
at com.pwj.saucedemo.pages.SauceDemoHomePage.clickLogin(SauceDemoHomePage.java:55)
at com.pwj.saucedemo.tests.Orderplaced_tests.PerformanceGlitchUserOrderTest.testPerformanceGlitchUserOrderFlow(PerformanceGlitchUserOrderTest.java:34)
at java.base/jdk.internal.reflect.DirectMethodHandleAccessor.invoke(DirectMethodHandleAccessor.java:103)
at java.base/java.lang.reflect.Method.invoke(Method.java:580)
at org.testng.internal.invokers.MethodInvocationHelper.invokeMethod(MethodInvocationHelper.java:141)
at org.testng.internal.invokers.TestInvoker.invokeMethod(TestInvoker.java:687)
at org.testng.internal.invokers.TestInvoker.invokeTestMethod(TestInvoker.java:230)
at org.testng.internal.invokers.MethodRunner.runInSequence(MethodRunner.java:63)
at org.testng.internal.invokers.TestInvoker$MethodInvocationAgent.invoke(TestInvoker.java:995)
at org.testng.internal.invokers.TestInvoker.invokeTestMethods(TestInvoker.java:203)
at org.testng.internal.invokers.TestMethodWorker.invokeTestMethods(TestMethodWorker.java:154)
at org.testng.internal.invokers.TestMethodWorker.run(TestMethodWorker.java:134)
at java.base/java.util.ArrayList.forEach(ArrayList.java:1597)
at org.testng.TestRunner.privateRun(TestRunner.java:741)
at org.testng.TestRunner.run(TestRunner.java:616)
at org.testng.SuiteRunner.runTest(SuiteRunner.java:421)
at org.testng.SuiteRunner.runSequentially(SuiteRunner.java:413)
at org.testng.SuiteRunner.privateRun(SuiteRunner.java:373)
at org.testng.SuiteRunner.run(SuiteRunner.java:312)
at org.testng.SuiteRunnerWorker.runSuite(SuiteRunnerWorker.java:52)
at org.testng.SuiteRunnerWorker.run(SuiteRunnerWorker.java:95)
at org.testng.TestNG.runSuitesSequentially(TestNG.java:1274)
at org.testng.TestNG.runSuitesLocally(TestNG.java:1208)
at org.testng.TestNG.runSuites(TestNG.java:1112)
at org.testng.TestNG.run(TestNG.java:1079)
at org.testng.remote.AbstractRemoteTestNG.run(AbstractRemoteTestNG.java:115)
at org.testng.remote.RemoteTestNG.initAndRun(RemoteTestNG.java:293)
at org.testng.remote.RemoteTestNG.main(RemoteTestNG.java:91)
Caused by: com.microsoft.playwright.TimeoutError: Error {
  message='Timeout 30000ms exceeded.
  name='TimeoutError
  stack='TimeoutError: Timeout 30000ms exceeded.
    at ProgressController.run (/private/var/folders/r5/m0v18bws6nq20j1xkhvy8yh80000gn/T/playwright-java-2444622081513853222/package/lib/server/progress.js:75:26)
    at Frame.click (/private/var/folders/r5/m0v18bws6nq20j1xkhvy8yh80000gn/T/playwright-java-2444622081513853222/package/lib/server/frames.js:1022:23)
    at FrameDispatcher.click (/private/var/folders/r5/m0v18bws6nq20j1xkhvy8yh80000gn/T/playwright-java-2444622081513853222/package/lib/server/dispatchers/frameDispatcher.js:157:30)
    at FrameDispatcher._handleCommand (/private/var/folders/r5/m0v18bws6nq20j1xkhvy8yh80000gn/T/playwright-java-2444622081513853222/package/lib/server/dispatchers/dispatcher.js:96:40)
    at DispatcherConnection.dispatch (/private/var/folders/r5/m0v18bws6nq20j1xkhvy8yh80000gn/T/playwright-java-2444622081513853222/package/lib/server/dispatchers/dispatcher.js:366:39)
}
Call log:
-   - waiting for locator("#login-button")

at com.microsoft.playwright.impl.Connection.dispatch(Connection.java:254)
at com.microsoft.playwright.impl.Connection.processOneMessage(Connection.java:211)
at com.microsoft.playwright.impl.ChannelOwner.runUntil(ChannelOwner.java:130)
... 39 more
]]>
    </error>
  </testcase> <!-- testPerformanceGlitchUserOrderFlow -->
</testsuite> <!-- com.pwj.saucedemo.tests.Orderplaced_tests.PerformanceGlitchUserOrderTest -->
