<?xml version="1.0" encoding="UTF-8"?>
<!-- Generated by org.testng.reporters.JUnitReportReporter -->
<testsuite hostname="Siddharthas-MacBook-Air.local" failures="0" tests="1" name="com.pwj.saucedemo.tests.SauceDemoStandardUserLogin" time="4.032" errors="0" timestamp="2025-05-04T00:04:33 IST" skipped="0">
  <testcase classname="com.pwj.saucedemo.tests.SauceDemoStandardUserLogin" name="testStandardUserLogin" time="4.032"/>
</testsuite> <!-- com.pwj.saucedemo.tests.SauceDemoStandardUserLogin -->
