<?xml version="1.0" encoding="UTF-8"?>
<!-- Generated by org.testng.reporters.JUnitReportReporter -->
<testsuite hostname="Siddharthas-MacBook-Air.local" failures="0" tests="1" name="com.pwj.saucedemo.tests.Orderplaced_tests.VisualUserOrderTest" time="1.835" errors="0" timestamp="2025-05-04T00:04:33 IST" skipped="0">
  <testcase classname="com.pwj.saucedemo.tests.Orderplaced_tests.VisualUserOrderTest" name="testVisualUserOrderFlow" time="1.835"/>
</testsuite> <!-- com.pwj.saucedemo.tests.Orderplaced_tests.VisualUserOrderTest -->
