<?xml version="1.0" encoding="UTF-8"?>
<!-- Generated by org.testng.reporters.JUnitReportReporter -->
<testsuite hostname="Siddharthas-MacBook-Air.local" failures="0" tests="5" name="com.pwj.saucedemo.Regressiontests.LoginScenariosDifferentUsers" time="13.752" errors="0" timestamp="2025-05-13T22:41:33 IST" skipped="0">
  <testcase classname="com.pwj.saucedemo.Regressiontests.LoginScenariosDifferentUsers" name="testLockedOutUserLogin" time="1.191"/>
  <testcase classname="com.pwj.saucedemo.Regressiontests.LoginScenariosDifferentUsers" name="testInvalidUserLogin" time="1.499"/>
  <testcase classname="com.pwj.saucedemo.Regressiontests.LoginScenariosDifferentUsers" name="testProblemUserLogin" time="1.471"/>
  <testcase classname="com.pwj.saucedemo.Regressiontests.LoginScenariosDifferentUsers" name="testPerformanceGlitchUserLogin" time="8.048"/>
  <testcase classname="com.pwj.saucedemo.Regressiontests.LoginScenariosDifferentUsers" name="testStandardUserLogin" time="1.543"/>
</testsuite> <!-- com.pwj.saucedemo.Regressiontests.LoginScenariosDifferentUsers -->
