<?xml version="1.0" encoding="UTF-8"?>
<!-- Generated by org.testng.reporters.JUnitReportReporter -->
<testsuite hostname="Siddharthas-MacBook-Air.local" failures="0" tests="5" name="com.pwj.saucedemo.tests.LoginScenariosDifferentUsers" time="14.281" errors="0" timestamp="2025-05-03T03:33:46 IST" skipped="0">
  <testcase classname="com.pwj.saucedemo.tests.LoginScenariosDifferentUsers" name="testInvalidUserLogin" time="1.622"/>
  <testcase classname="com.pwj.saucedemo.tests.LoginScenariosDifferentUsers" name="testPerformanceGlitchUserLogin" time="7.985"/>
  <testcase classname="com.pwj.saucedemo.tests.LoginScenariosDifferentUsers" name="testLockedOutUserLogin" time="1.488"/>
  <testcase classname="com.pwj.saucedemo.tests.LoginScenariosDifferentUsers" name="testStandardUserLogin" time="1.504"/>
  <testcase classname="com.pwj.saucedemo.tests.LoginScenariosDifferentUsers" name="testProblemUserLogin" time="1.682"/>
</testsuite> <!-- com.pwj.saucedemo.tests.LoginScenariosDifferentUsers -->
