<?xml version="1.0" encoding="UTF-8"?>
<!-- Generated by org.testng.reporters.JUnitReportReporter -->
<testsuite hostname="Siddharthas-MacBook-Air.local" failures="0" tests="1" name="com.pwj.saucedemo.tests.Orderplaced_tests.StandardUserOrderTest" time="2.181" errors="0" timestamp="2025-08-13T01:34:21 IST" skipped="0">
  <testcase classname="com.pwj.saucedemo.tests.Orderplaced_tests.StandardUserOrderTest" name="testStandardUserOrderFlow" time="2.181"/>
</testsuite> <!-- com.pwj.saucedemo.tests.Orderplaced_tests.StandardUserOrderTest -->
