<?xml version="1.0" encoding="UTF-8"?>
<!-- Generated by org.testng.reporters.JUnitReportReporter -->
<testsuite hostname="Siddharthas-MacBook-Air.local" failures="0" tests="1" name="com.pwj.saucedemo.tests.SauceDemoInvalidLoginTest" time="1.523" errors="0" timestamp="2025-05-01T16:13:39 IST" skipped="0">
  <testcase classname="com.pwj.saucedemo.tests.SauceDemoInvalidLoginTest" name="testInvalidLoginShowsErrorMessage" time="1.523"/>
</testsuite> <!-- com.pwj.saucedemo.tests.SauceDemoInvalidLoginTest -->
