<?xml version="1.0" encoding="UTF-8"?>
<!-- Generated by org.testng.reporters.JUnitReportReporter -->
<testsuite hostname="Siddharthas-MacBook-Air.local" failures="0" tests="1" name="com.pwj.saucedemo.tests.SauceDemoStandardUserLogin" time="2.954" errors="0" timestamp="2025-05-01T02:25:12 IST" skipped="0">
  <testcase classname="com.pwj.saucedemo.tests.SauceDemoStandardUserLogin" name="testStandardUserLogin" time="2.954"/>
</testsuite> <!-- com.pwj.saucedemo.tests.SauceDemoStandardUserLogin -->
