<?xml version="1.0" encoding="UTF-8"?>
<!-- Generated by org.testng.reporters.JUnitReportReporter -->
<testsuite hostname="Siddharthas-MacBook-Air.local" failures="0" tests="3" name="com.pwj.saucedemo.tests.CheckoutFlowTest" time="5.339" errors="0" timestamp="2025-05-03T03:33:46 IST" skipped="0">
  <testcase classname="com.pwj.saucedemo.tests.CheckoutFlowTest" name="testFullCheckoutFlow" time="1.741"/>
  <testcase classname="com.pwj.saucedemo.tests.CheckoutFlowTest" name="testCancelFromStepOne" time="1.680"/>
  <testcase classname="com.pwj.saucedemo.tests.CheckoutFlowTest" name="testCancelFromOverviewStep" time="1.918"/>
</testsuite> <!-- com.pwj.saucedemo.tests.CheckoutFlowTest -->
