<?xml version="1.0" encoding="UTF-8"?>
<!-- Generated by org.testng.reporters.JUnitReportReporter -->
<testsuite hostname="Siddharthas-MacBook-Air.local" failures="0" tests="1" name="com.pwj.saucedemo.tests.SauceDemoInvalidLoginTest" time="2.467" errors="0" timestamp="2025-05-01T21:45:35 IST" skipped="0">
  <testcase classname="com.pwj.saucedemo.tests.SauceDemoInvalidLoginTest" name="testInvalidLoginShowsErrorMessage" time="2.467"/>
</testsuite> <!-- com.pwj.saucedemo.tests.SauceDemoInvalidLoginTest -->
