<?xml version="1.0" encoding="UTF-8"?>
<!-- Generated by org.testng.reporters.JUnitReportReporter -->
<testsuite hostname="Siddharthas-MacBook-Air.local" failures="0" tests="1" name="com.pwj.saucedemo.Regressiontests.AddToCartTest" time="2.031" errors="0" timestamp="2025-08-11T23:40:17 IST" skipped="0">
  <testcase classname="com.pwj.saucedemo.Regressiontests.AddToCartTest" name="testAddFirstProductToCart" time="2.031"/>
</testsuite> <!-- com.pwj.saucedemo.Regressiontests.AddToCartTest -->
