<?xml version="1.0" encoding="UTF-8"?>
<!-- Generated by org.testng.reporters.JUnitReportReporter -->
<testsuite hostname="Siddharthas-MacBook-Air.local" failures="0" tests="5" name="com.pwj.saucedemo.tests.LoginScenariosDifferentUsers" time="16.726" errors="0" timestamp="2025-05-01T21:45:35 IST" skipped="0">
  <testcase classname="com.pwj.saucedemo.tests.LoginScenariosDifferentUsers" name="testProblemUserLogin" time="2.143"/>
  <testcase classname="com.pwj.saucedemo.tests.LoginScenariosDifferentUsers" name="testPerformanceGlitchUserLogin" time="8.334"/>
  <testcase classname="com.pwj.saucedemo.tests.LoginScenariosDifferentUsers" name="testStandardUserLogin" time="1.897"/>
  <testcase classname="com.pwj.saucedemo.tests.LoginScenariosDifferentUsers" name="testLockedOutUserLogin" time="2.152"/>
  <testcase classname="com.pwj.saucedemo.tests.LoginScenariosDifferentUsers" name="testInvalidUserLogin" time="2.200"/>
</testsuite> <!-- com.pwj.saucedemo.tests.LoginScenariosDifferentUsers -->
