<?xml version="1.0" encoding="UTF-8"?>
<!-- Generated by org.testng.reporters.JUnitReportReporter -->
<testsuite hostname="Siddharthas-MacBook-Air.local" failures="0" tests="1" name="com.pwj.saucedemo.tests.SauceDemoInvalidLoginTest" time="1.475" errors="0" timestamp="2025-05-02T02:37:51 IST" skipped="0">
  <testcase classname="com.pwj.saucedemo.tests.SauceDemoInvalidLoginTest" name="testInvalidLoginShowsErrorMessage" time="1.475"/>
</testsuite> <!-- com.pwj.saucedemo.tests.SauceDemoInvalidLoginTest -->
