<?xml version="1.0" encoding="UTF-8"?>
<!-- Generated by org.testng.reporters.JUnitReportReporter -->
<testsuite hostname="Siddharthas-MacBook-Air.local" failures="0" tests="3" name="com.pwj.saucedemo.tests.CheckoutFlowTest" time="5.335" errors="0" timestamp="2025-05-02T02:52:53 IST" skipped="0">
  <testcase classname="com.pwj.saucedemo.tests.CheckoutFlowTest" name="testCancelFromOverviewStep" time="1.743"/>
  <testcase classname="com.pwj.saucedemo.tests.CheckoutFlowTest" name="testFullCheckoutFlow" time="1.917"/>
  <testcase classname="com.pwj.saucedemo.tests.CheckoutFlowTest" name="testCancelFromStepOne" time="1.675"/>
</testsuite> <!-- com.pwj.saucedemo.tests.CheckoutFlowTest -->
