<?xml version="1.0" encoding="UTF-8"?>
<!-- Generated by org.testng.reporters.JUnitReportReporter -->
<testsuite hostname="Siddharthas-MacBook-Air.local" failures="0" tests="1" name="com.pwj.saucedemo.Regressiontests.SauceDemoInvalidLoginTest" time="2.033" errors="0" timestamp="2025-05-07T02:29:05 IST" skipped="0">
  <testcase classname="com.pwj.saucedemo.Regressiontests.SauceDemoInvalidLoginTest" name="testInvalidLoginShowsErrorMessage" time="2.033"/>
</testsuite> <!-- com.pwj.saucedemo.Regressiontests.SauceDemoInvalidLoginTest -->
