<?xml version="1.0" encoding="UTF-8"?>
<!-- Generated by org.testng.reporters.JUnitReportReporter -->
<testsuite hostname="Siddharthas-MacBook-Air.local" failures="0" tests="3" name="com.pwj.saucedemo.tests.CheckoutFlowTest" time="5.509" errors="0" timestamp="2025-05-04T00:04:33 IST" skipped="0">
  <testcase classname="com.pwj.saucedemo.tests.CheckoutFlowTest" name="testFullCheckoutFlow" time="1.921"/>
  <testcase classname="com.pwj.saucedemo.tests.CheckoutFlowTest" name="testCancelFromStepOne" time="1.832"/>
  <testcase classname="com.pwj.saucedemo.tests.CheckoutFlowTest" name="testCancelFromOverviewStep" time="1.756"/>
</testsuite> <!-- com.pwj.saucedemo.tests.CheckoutFlowTest -->
