<?xml version="1.0" encoding="UTF-8"?>
<!-- Generated by org.testng.reporters.JUnitReportReporter -->
<testsuite hostname="Siddharthas-MacBook-Air.local" failures="0" tests="3" name="com.pwj.saucedemo.tests.CheckoutFlowTest" time="5.479" errors="0" timestamp="2025-05-03T20:56:53 IST" skipped="0">
  <testcase classname="com.pwj.saucedemo.tests.CheckoutFlowTest" name="testCancelFromOverviewStep" time="1.899"/>
  <testcase classname="com.pwj.saucedemo.tests.CheckoutFlowTest" name="testCancelFromStepOne" time="1.841"/>
  <testcase classname="com.pwj.saucedemo.tests.CheckoutFlowTest" name="testFullCheckoutFlow" time="1.739"/>
</testsuite> <!-- com.pwj.saucedemo.tests.CheckoutFlowTest -->
