<?xml version="1.0" encoding="UTF-8"?>
<!-- Generated by org.testng.reporters.JUnitReportReporter -->
<testsuite hostname="Siddharthas-MacBook-Air.local" failures="0" tests="1" name="com.pwj.saucedemo.Regressiontests.SauceDemoInvalidLoginTest" time="1.715" errors="0" timestamp="2025-05-23T01:11:25 IST" skipped="0">
  <testcase classname="com.pwj.saucedemo.Regressiontests.SauceDemoInvalidLoginTest" name="testInvalidLoginShowsErrorMessage" time="1.715"/>
</testsuite> <!-- com.pwj.saucedemo.Regressiontests.SauceDemoInvalidLoginTest -->
