<?xml version="1.0" encoding="UTF-8"?>
<!-- Generated by org.testng.reporters.JUnitReportReporter -->
<testsuite hostname="Siddharthas-MacBook-Air.local" failures="0" tests="1" name="com.pwj.saucedemo.tests.Orderplaced_tests.StandardUserOrderTest" time="1.851" errors="0" timestamp="2025-05-12T01:28:55 IST" skipped="0">
  <testcase classname="com.pwj.saucedemo.tests.Orderplaced_tests.StandardUserOrderTest" name="testStandardUserOrderFlow" time="1.851"/>
</testsuite> <!-- com.pwj.saucedemo.tests.Orderplaced_tests.StandardUserOrderTest -->
