<?xml version="1.0" encoding="UTF-8"?>
<!-- Generated by org.testng.reporters.JUnitReportReporter -->
<testsuite hostname="Siddharthas-MacBook-Air.local" failures="0" tests="1" name="com.pwj.saucedemo.tests.Orderplaced_tests.VisualUserOrderTest" time="2.043" errors="0" timestamp="2025-08-11T23:41:42 IST" skipped="0">
  <testcase classname="com.pwj.saucedemo.tests.Orderplaced_tests.VisualUserOrderTest" name="testVisualUserOrderFlow" time="2.043"/>
</testsuite> <!-- com.pwj.saucedemo.tests.Orderplaced_tests.VisualUserOrderTest -->
